<?xml version="1.0" encoding="UTF-8"?>
<!-- Generated by org.testng.reporters.JUnitXMLReporter -->
<testsuite ignored="0" hostname="DESKTOP-2C94RDS" failures="1" tests="1" name="opencart Test" time="17.427" errors="0" timestamp="2023-04-27T01:49:46 IST">
  <testcase classname="testCases.TC_001_AccountRegistationTest" name="test_accountregistation" time="4.283">
    <failure type="java.lang.AssertionError" message="null">
      <![CDATA[java.lang.AssertionError: null
at testCases.TC_001_AccountRegistationTest.test_accountregistation(TC_001_AccountRegistationTest.java:48)
at java.base/java.util.ArrayList.forEach(ArrayList.java:1511)
... Removed 29 stack frames]]>
    </failure>
  </testcase> <!-- test_accountregistation -->
</testsuite> <!-- opencart Test -->
